Target: esc50
Variant: heuristic_backoff_b

Method                 Hit@1   Hit@3   Hit@5    MRR
----------------------------------------------------
OriginalAgg             87.50   96.45   97.65   91.87
Ours                    92.05   96.85   97.65   94.50
OracleCandidate         93.85   97.20   97.65   95.54
heuristic_backoff_b     91.10   96.70   97.65   93.95

Diagnostics
- variant_name: heuristic_backoff_b
- thresholds: {'tau': 0.03862437605857845, 'gamma': 0.1346414387226104, 'delta': None}
- route_choose_orig_ratio: 0.0383
- route_choose_orig_gt_ratio: 0.06041986687147977
- route_choose_orig_non_gt_ratio: 0.03293152727724618
- oracle_choose_orig_gt_ratio: 0.7619047619047619
- oracle_choose_orig_non_gt_ratio: 0.021871504908661615
- oracle_match_accuracy: 0.7744426454103873
- margin_gate_ratio: 0.116
- positive_gain_ratio: 0.2436
- heuristic_margin_bucket_profile: {'(-0.0009866, 0.0787]': 0.19045251118846346, '(0.0787, 0.133]': 0.0, '(0.133, 0.187]': 0.0, '(0.187, 0.376]': 0.0}
- oracle_margin_bucket_profile: {'(-0.0009866, 0.0787]': 0.23570363003480854, '(0.0787, 0.133]': 0.21246882793017458, '(0.133, 0.187]': 0.19182859990034878, '(0.187, 0.376]': 0.1889332003988036}
- heuristic_entropy_bucket_profile: {'(0.989, 0.997]': 0.005970149253731343, '(0.997, 0.998]': 0.014463840399002495, '(0.998, 0.999]': 0.01245640259093174, '(0.999, 1.0]': 0.15794718485301446}
- oracle_entropy_bucket_profile: {'(0.989, 0.997]': 0.2009950248756219, '(0.997, 0.998]': 0.19451371571072318, '(0.998, 0.999]': 0.2042850024912805, '(0.999, 1.0]': 0.229197807673144}
